#
# A fatal error has been detected by the Java Runtime Environment:
#
#  EXCEPTION_ACCESS_VIOLATION (0xc0000005) at pc=0x000000007057adc7, pid=71744, tid=37976
#
# JRE version: Java(TM) SE Runtime Environment (8.0_25-b18) (build 1.8.0_25-b18)
# Java VM: Java HotSpot(TM) 64-Bit Server VM (25.25-b02 mixed mode windows-amd64 compressed oops)
# Problematic frame:
# V  [jvm.dll+0x1fadc7]
#
# Failed to write core dump. Minidumps are not enabled by default on client versions of Windows
#
# If you would like to submit a bug report, please visit:
#   http://bugreport.sun.com/bugreport/crash.jsp
#

---------------  T H R E A D  ---------------

Current thread (0x0000000001b6d000):  JavaThread "main" [_thread_in_Java, id=37976, stack(0x00000000000e0000,0x00000000001e0000)]

siginfo: ExceptionCode=0xc0000005, reading address 0x0000000000000001

Registers:
RAX=0x0000000000000001, RBX=0x0000000056ff0798, RCX=0x00000000001df7c0, RDX=0x0000000000000000
RSP=0x00000000001df508, RBP=0x00000000001df610, RSI=0x0000000001b6d000, RDI=0x00000000ffffffff
R8 =0x0000000000000000, R9 =0x00000000001df7c8, R10=0x0000000002070567, R11=0x0000000000000001
R12=0x0000000001b6c750, R13=0x0000000001b6d000, R14=0x00000000001df610, R15=0x0000000056ff0798
RIP=0x000000007057adc7, EFLAGS=0x0000000000010202

Top of Stack: (sp=0x00000000001df508)
0x00000000001df508:   000000007057bcb5 0000000056ff0798
0x00000000001df518:   00000000001df610 0000000000000000
0x00000000001df528:   0000000001b6d000 0000000001b6d000
0x00000000001df538:   000000007059d73a 00000000001df6b0
0x00000000001df548:   00000000001df5d0 0000000056ff0798
0x00000000001df558:   0000000001b6d000 0000000002080e00
0x00000000001df568:   000000007059d007 0000000000000000
0x00000000001df578:   0000000000000000 00009de4529ff983
0x00000000001df588:   0000000000217f50 0000000000000000
0x00000000001df598:   0000000056ff0798 0000000001b6d000
0x00000000001df5a8:   000007fee1d68a70 0000000056ff0798
0x00000000001df5b8:   0000000001b6d000 00000000001df8d8
0x00000000001df5c8:   fffffffffffffffe 0000000001b6d000
0x00000000001df5d8:   0000000001b6e420 0000000056ff0798
0x00000000001df5e8:   0000000000000000 0000000000000000
0x00000000001df5f8:   0000000000000000 0000000000000000 

Instructions: (pc=0x000000007057adc7)
0x000000007057ada7:   68 7e 30 66 0f 1f 44 00 00 48 8b 41 60 80 3c 02
0x000000007057adb7:   00 74 14 4c 8b 49 58 49 8b 04 d1 48 85 c0 74 03
0x000000007057adc7:   48 8b 00 49 89 04 d1 41 ff c0 48 ff c2 44 3b 41
0x000000007057add7:   68 7c d6 48 8b 41 58 c3 cc 40 53 48 83 ec 20 80 


Register to memory mapping:

RAX=0x0000000000000001 is an unknown value
RBX={method} {0x0000000056ff07a0} 'main' '([Ljava/lang/String;)V' in 'hello/HelloWorld'
RCX=0x00000000001df7c0 is pointing into the stack for thread: 0x0000000001b6d000
RDX=0x0000000000000000 is an unknown value
RSP=0x00000000001df508 is pointing into the stack for thread: 0x0000000001b6d000
RBP=0x00000000001df610 is pointing into the stack for thread: 0x0000000001b6d000
RSI=0x0000000001b6d000 is a thread
RDI=0x00000000ffffffff is an unallocated location in the heap
R8 =0x0000000000000000 is an unknown value
R9 =0x00000000001df7c8 is pointing into the stack for thread: 0x0000000001b6d000
R10=0x0000000002070567 is at begin+0 in a stub
StubRoutines::call_stub [0x0000000002070567, 0x00000000020706cb[ (356 bytes)
R11=0x0000000000000001 is an unknown value
R12=0x0000000001b6c750 is an unknown value
R13=0x0000000001b6d000 is a thread
R14=0x00000000001df610 is pointing into the stack for thread: 0x0000000001b6d000
R15={method} {0x0000000056ff07a0} 'main' '([Ljava/lang/String;)V' in 'hello/HelloWorld'


Stack: [0x00000000000e0000,0x00000000001e0000],  sp=0x00000000001df508,  free space=1021k
Native frames: (J=compiled Java code, j=interpreted, Vv=VM code, C=native code)
V  [jvm.dll+0x1fadc7]


---------------  P R O C E S S  ---------------

Java Threads: ( => current thread )
  0x00000000596b4000 JavaThread "Service Thread" daemon [_thread_blocked, id=64572, stack(0x00000000590a0000,0x00000000591a0000)]
  0x0000000059651800 JavaThread "C1 CompilerThread3" daemon [_thread_blocked, id=75384, stack(0x000000005a2b0000,0x000000005a3b0000)]
  0x0000000059636800 JavaThread "C2 CompilerThread2" daemon [_thread_blocked, id=63248, stack(0x000000005a1a0000,0x000000005a2a0000)]
  0x0000000059634000 JavaThread "C2 CompilerThread1" daemon [_thread_blocked, id=61028, stack(0x0000000059fb0000,0x000000005a0b0000)]
  0x000000005961f000 JavaThread "C2 CompilerThread0" daemon [_thread_blocked, id=82528, stack(0x0000000059e80000,0x0000000059f80000)]
  0x000000005961c800 JavaThread "Attach Listener" daemon [_thread_blocked, id=74012, stack(0x0000000059cf0000,0x0000000059df0000)]
  0x000000005961a800 JavaThread "Signal Dispatcher" daemon [_thread_blocked, id=78104, stack(0x0000000059ae0000,0x0000000059be0000)]
  0x000000000206d800 JavaThread "Finalizer" daemon [_thread_blocked, id=80160, stack(0x00000000594e0000,0x00000000595e0000)]
  0x0000000002065800 JavaThread "Reference Handler" daemon [_thread_blocked, id=62532, stack(0x0000000059380000,0x0000000059480000)]
=>0x0000000001b6d000 JavaThread "main" [_thread_in_Java, id=37976, stack(0x00000000000e0000,0x00000000001e0000)]

Other Threads:
  0x00000000575d8800 VMThread [stack: 0x00000000591f0000,0x00000000592f0000] [id=81036]
  0x00000000596c8000 WatcherThread [stack: 0x000000005a400000,0x000000005a500000] [id=76732]

VM state:not at safepoint (normal execution)

VM Mutex/Monitor currently owned by a thread: None

Heap:
 PSYoungGen      total 37888K, used 1982K [0x00000000d6000000, 0x00000000d8a00000, 0x0000000100000000)
  eden space 32768K, 6% used [0x00000000d6000000,0x00000000d61ef918,0x00000000d8000000)
  from space 5120K, 0% used [0x00000000d8500000,0x00000000d8500000,0x00000000d8a00000)
  to   space 5120K, 0% used [0x00000000d8000000,0x00000000d8000000,0x00000000d8500000)
 ParOldGen       total 86016K, used 0K [0x0000000082000000, 0x0000000087400000, 0x00000000d6000000)
  object space 86016K, 0% used [0x0000000082000000,0x0000000082000000,0x0000000087400000)
 Metaspace       used 2506K, capacity 4498K, committed 4864K, reserved 1056768K
  class space    used 268K, capacity 386K, committed 512K, reserved 1048576K

Card table byte_map: [0x0000000011430000,0x0000000011830000] byte_map_base: 0x0000000011020000

Marking Bits: (ParMarkBitMap*) 0x0000000070b5d490
 Begin Bits: [0x0000000012900000, 0x0000000014880000)
 End Bits:   [0x0000000014880000, 0x0000000016800000)

Polling page: 0x0000000001a40000

CodeCache: size=245760Kb used=1085Kb max_used=1085Kb free=244674Kb
 bounds [0x0000000002070000, 0x00000000022e0000, 0x0000000011070000]
 total_blobs=246 nmethods=19 adapters=142
 compilation: enabled

Compilation events (10 events):
Event: 0.105 Thread 0x0000000059651800   15  s    3       java.lang.StringBuffer::append (13 bytes)
Event: 0.105 Thread 0x0000000059651800 nmethod 15 0x000000000217db10 code [0x000000000217dca0, 0x000000000217e188]
Event: 0.106 Thread 0x0000000059651800   16       3       java.lang.String::<init> (62 bytes)
Event: 0.106 Thread 0x0000000059651800 nmethod 16 0x000000000217c8d0 code [0x000000000217ca80, 0x000000000217ceb8]
Event: 0.107 Thread 0x0000000059651800   17       3       java.lang.String::indexOf (70 bytes)
Event: 0.107 Thread 0x0000000059651800 nmethod 17 0x000000000217c250 code [0x000000000217c3e0, 0x000000000217c768]
Event: 0.107 Thread 0x0000000059651800   18       1       java.lang.Object::<init> (1 bytes)
Event: 0.107 Thread 0x0000000059651800 nmethod 18 0x000000000217ed90 code [0x000000000217eee0, 0x000000000217eff0]
Event: 0.107 Thread 0x0000000059651800   19       3       java.lang.AbstractStringBuilder::append (50 bytes)
Event: 0.108 Thread 0x0000000059651800 nmethod 19 0x000000000217f050 code [0x000000000217f1e0, 0x000000000217f6e8]

GC Heap History (0 events):
No events

Deoptimization events (0 events):
No events

Internal exceptions (4 events):
Event: 0.065 Thread 0x0000000001b6d000 Exception <a 'java/lang/NoSuchMethodError': Method sun.misc.Unsafe.defineClass(Ljava/lang/String;[BII)Ljava/lang/Class; name or signature does not match> (0x00000000d60124a0) thrown at [D:\re\workspace\8-2-build-windows-amd64-cygwin\jdk8u25\1677\hotspot\srrƒbOì∞?
Event: 0.065 Thread 0x0000000001b6d000 Exception <a 'java/lang/NoSuchMethodError': Method sun.misc.Unsafe.prefetchRead(Ljava/lang/Object;J)V name or signature does not match> (0x00000000d6012730) thrown at [D:\re\workspace\8-2-build-windows-amd64-cygwin\jdk8u25\1677\hotspot\src\share\vm\prims\jr(œÅƒ∫?
Event: 0.105 Thread 0x0000000001b6d000 Exception <a 'java/security/PrivilegedActionException'> (0x00000000d616ddf8) thrown at [D:\re\workspace\8-2-build-windows-amd64-cygwin\jdk8u25\1677\hotspot\src\share\vm\prims\jvm.cpp, line 1312]
Event: 0.108 Thread 0x0000000001b6d000 Exception <a 'java/security/PrivilegedActionException'> (0x00000000d6175010) thrown at [D:\re\workspace\8-2-build-windows-amd64-cygwin\jdk8u25\1677\hotspot\src\share\vm\prims\jvm.cpp, line 1312]

Events (10 events):
Event: 0.107 loading class java/security/BasicPermissionCollection
Event: 0.107 loading class java/security/BasicPermissionCollection done
Event: 0.108 loading class java/io/UnsupportedEncodingException
Event: 0.108 loading class java/io/IOException
Event: 0.108 loading class java/io/IOException done
Event: 0.108 loading class java/io/UnsupportedEncodingException done
Event: 0.108 loading class cjay/reflect/Signature
Event: 0.108 loading class cjay/reflect/Signature done
Event: 0.108 loading class java/util/concurrent/ConcurrentHashMap$ForwardingNode
Event: 0.109 loading class java/util/concurrent/ConcurrentHashMap$ForwardingNode done


Dynamic libraries:
0x000000013ff80000 - 0x000000013ff9a000 	H:\rover\rover-self-work\java\cpp-call-java-examples\build\vs2013\cpp-call-java-examples\..\..\..\bin\x64\vs2013\cpp-call-java-examples\md\example02.exe
0x0000000077790000 - 0x000000007793a000 	C:\Windows\SYSTEM32\ntdll.dll
0x0000000077570000 - 0x000000007768f000 	C:\Windows\system32\kernel32.dll
0x000007fefd560000 - 0x000007fefd5ca000 	C:\Windows\system32\KERNELBASE.dll
0x000007fee1cd0000 - 0x000007fee1d76000 	C:\Windows\system32\MSVCP120.dll
0x000007fee1d80000 - 0x000007fee1e6f000 	C:\Windows\system32\MSVCR120.dll
0x0000000070380000 - 0x0000000070bda000 	C:\Java\jdk\jre\bin\server\jvm.dll
0x0000000077690000 - 0x000000007778a000 	C:\Windows\system32\USER32.dll
0x000007feff1c0000 - 0x000007feff227000 	C:\Windows\system32\GDI32.dll
0x000007fefde70000 - 0x000007fefde7e000 	C:\Windows\system32\LPK.dll
0x000007fefed00000 - 0x000007fefedca000 	C:\Windows\system32\USP10.dll
0x000007fefedd0000 - 0x000007fefee6f000 	C:\Windows\system32\msvcrt.dll
0x000007feff9c0000 - 0x000007feffa9b000 	C:\Windows\system32\ADVAPI32.dll
0x000007fefddb0000 - 0x000007fefddcf000 	C:\Windows\SYSTEM32\sechost.dll
0x000007feff250000 - 0x000007feff37d000 	C:\Windows\system32\RPCRT4.dll
0x000007feec800000 - 0x000007feec809000 	C:\Windows\system32\WSOCK32.dll
0x000007fefec10000 - 0x000007fefec5d000 	C:\Windows\system32\WS2_32.dll
0x000007feff400000 - 0x000007feff408000 	C:\Windows\system32\NSI.dll
0x000007fefb440000 - 0x000007fefb47b000 	C:\Windows\system32\WINMM.dll
0x0000000077950000 - 0x0000000077957000 	C:\Windows\system32\PSAPI.DLL
0x0000000078bd0000 - 0x0000000078ca2000 	C:\Windows\system32\MSVCR100.dll
0x000007feff930000 - 0x000007feff95e000 	C:\Windows\system32\IMM32.DLL
0x000007fefd900000 - 0x000007fefda09000 	C:\Windows\system32\MSCTF.dll
0x00000000740d0000 - 0x00000000740df000 	C:\Java\jdk\jre\bin\verify.dll
0x000000005cfe0000 - 0x000000005d008000 	C:\Java\jdk\jre\bin\java.dll
0x000000005cfc0000 - 0x000000005cfd6000 	C:\Java\jdk\jre\bin\zip.dll
0x000007fefde80000 - 0x000007fefec0c000 	C:\Windows\system32\SHELL32.dll
0x000007fefee70000 - 0x000007fefeee1000 	C:\Windows\system32\SHLWAPI.dll
0x000007fefda10000 - 0x000007fefdc13000 	C:\Windows\system32\ole32.dll
0x000007fefd540000 - 0x000007fefd54f000 	C:\Windows\system32\profapi.dll
0x000007fef9db0000 - 0x000007fef9ed5000 	C:\Windows\system32\dbghelp.dll

VM Arguments:
jvm_args: -Djava.compiler=NONE -ea -Xdebug -Djava.library.path="." -jar joda-time-2.2.jar hanlp-portable-1.5.3.jar 
java_command: <unknown>
java_class_path (initial): .;
Launcher Type: generic

Environment Variables:
PATH=C:\Program Files (x86)\Microsoft Visual Studio 12.0\Common7\IDE\CommonExtensions\Microsoft\TeamFoundation\Team Explorer\NativeBinaries/x86;C:\Program Files\TortoiseSVN\bin;C:\Program Files (x86)\Microsoft Visual Studio 8\VC\bin;C:\Program Files (x86)\Git\bin;D:\mozilla-build\msys\bin;C:\Program Files\TortoiseGit\bin;D:\cygwin\bin;C:\Windows\system32;C:\Windows;C:\Windows\System32\Wbem;C:\Windows\System32\WindowsPowerShell\v1.0\;D:\tools\editplus\tools;D:\tools\editplus\tools\putty;D:\tools\editplus\php;D:\tools\editplus\tools\gyp;C:\nodejs;D:\tools;D:\tools\MacType;C:\Program Files (x86)\Microsoft Visual Studio 12.0\;C:\Program Files (x86)\Microsoft Visual Studio 12.0\VC\bin\amd64
USERNAME=ROVER
OS=Windows_NT
PROCESSOR_IDENTIFIER=Intel64 Family 6 Model 158 Stepping 9, GenuineIntel



---------------  S Y S T E M  ---------------

OS: Windows 7 , 64 bit Build 7601 Service Pack 1

CPU:total 8 (4 cores per cpu, 2 threads per core) family 6 model 158 stepping 9, cmov, cx8, fxsr, mmx, sse, sse2, sse3, ssse3, sse4.1, sse4.2, popcnt, avx, avx2, aes, clmul, erms, rtm, lzcnt, ht, tsc, tscinvbit, bmi1, bmi2

Memory: 4k page, physical 8253240k(383240k free), swap 21332940k(2361944k free)

vm_info: Java HotSpot(TM) 64-Bit Server VM (25.25-b02) for windows-amd64 JRE (1.8.0_25-b18), built on Oct  7 2014 14:25:37 by "java_re" with MS VC++ 10.0 (VS2010)

time: Fri Feb 02 19:33:47 2018
elapsed time: 3 seconds (0d 0h 0m 3s)

